<?xml version="1.0" encoding="UTF-8"?>
<!-- Generated by org.testng.reporters.JUnitXMLReporter -->
<testsuite hostname="BUK30LAP4001083" ignored="35" name="GRP-BG_MCC" tests="3" failures="2" timestamp="22 Mar 2020 13:45:17 GMT" time="33.303" errors="0">
  <testcase name="test34" time="9.021" classname="ODIN_REQUEST_PROCESSOR_APITEST.RequestProcessorTestMarius"/>
  <testcase name="test35" time="8.149" classname="ODIN_REQUEST_PROCESSOR_APITEST.RequestProcessorTestMarius">
    <failure type="java.lang.AssertionError" message="Lists differ at element [1]: 2020-09-08 00:00:00 != 2020-10-10 00:00:00 expected [2020-09-08 00:00:00] but found [2020-10-10 00:00:00]">
      <![CDATA[java.lang.AssertionError: Lists differ at element [1]: 2020-09-08 00:00:00 != 2020-10-10 00:00:00 expected [2020-09-08 00:00:00] but found [2020-10-10 00:00:00]
at org.testng.Assert.fail(Assert.java:96)
at org.testng.Assert.failNotEquals(Assert.java:776)
at org.testng.Assert.assertEqualsImpl(Assert.java:137)
at org.testng.Assert.assertEquals(Assert.java:831)
at org.testng.Assert.assertEquals(Assert.java:796)
at ODIN_REQUEST_PROCESSOR_APITEST.RequestProcessorTestMarius.test35(RequestProcessorTestMarius.java:1247)
at sun.reflect.NativeMethodAccessorImpl.invoke0(Native Method)
at sun.reflect.NativeMethodAccessorImpl.invoke(Unknown Source)
at sun.reflect.DelegatingMethodAccessorImpl.invoke(Unknown Source)
at java.lang.reflect.Method.invoke(Unknown Source)
at org.testng.internal.MethodInvocationHelper.invokeMethod(MethodInvocationHelper.java:124)
at org.testng.internal.Invoker.invokeMethod(Invoker.java:583)
at org.testng.internal.Invoker.invokeTestMethod(Invoker.java:719)
at org.testng.internal.Invoker.invokeTestMethods(Invoker.java:989)
at org.testng.internal.TestMethodWorker.invokeTestMethods(TestMethodWorker.java:125)
at org.testng.internal.TestMethodWorker.run(TestMethodWorker.java:109)
at org.testng.TestRunner.privateRun(TestRunner.java:648)
at org.testng.TestRunner.run(TestRunner.java:505)
at org.testng.SuiteRunner.runTest(SuiteRunner.java:455)
at org.testng.SuiteRunner.runSequentially(SuiteRunner.java:450)
at org.testng.SuiteRunner.privateRun(SuiteRunner.java:415)
at org.testng.SuiteRunner.run(SuiteRunner.java:364)
at org.testng.SuiteRunnerWorker.runSuite(SuiteRunnerWorker.java:52)
at org.testng.SuiteRunnerWorker.run(SuiteRunnerWorker.java:84)
at org.testng.TestNG.runSuitesSequentially(TestNG.java:1208)
at org.testng.TestNG.runSuitesLocally(TestNG.java:1137)
at org.testng.TestNG.runSuites(TestNG.java:1049)
at org.testng.TestNG.run(TestNG.java:1017)
at org.testng.remote.AbstractRemoteTestNG.run(AbstractRemoteTestNG.java:115)
at org.testng.remote.RemoteTestNG.initAndRun(RemoteTestNG.java:251)
at org.testng.remote.RemoteTestNG.main(RemoteTestNG.java:77)
]]>
    </failure>
  </testcase> <!-- test35 -->
  <testcase name="test36" time="13.3" classname="ODIN_REQUEST_PROCESSOR_APITEST.RequestProcessorTestMarius">
    <failure type="java.lang.AssertionError" message="lists don&amp;apos;t have the same size expected [2] but found [4]">
      <![CDATA[java.lang.AssertionError: lists don't have the same size expected [2] but found [4]
at org.testng.Assert.fail(Assert.java:96)
at org.testng.Assert.failNotEquals(Assert.java:776)
at org.testng.Assert.assertEqualsImpl(Assert.java:137)
at org.testng.Assert.assertEquals(Assert.java:118)
at org.testng.Assert.assertEquals(Assert.java:652)
at org.testng.Assert.assertEquals(Assert.java:819)
at org.testng.Assert.assertEquals(Assert.java:796)
at ODIN_REQUEST_PROCESSOR_APITEST.RequestProcessorTestMarius.test36(RequestProcessorTestMarius.java:1331)
at sun.reflect.NativeMethodAccessorImpl.invoke0(Native Method)
at sun.reflect.NativeMethodAccessorImpl.invoke(Unknown Source)
at sun.reflect.DelegatingMethodAccessorImpl.invoke(Unknown Source)
at java.lang.reflect.Method.invoke(Unknown Source)
at org.testng.internal.MethodInvocationHelper.invokeMethod(MethodInvocationHelper.java:124)
at org.testng.internal.Invoker.invokeMethod(Invoker.java:583)
at org.testng.internal.Invoker.invokeTestMethod(Invoker.java:719)
at org.testng.internal.Invoker.invokeTestMethods(Invoker.java:989)
at org.testng.internal.TestMethodWorker.invokeTestMethods(TestMethodWorker.java:125)
at org.testng.internal.TestMethodWorker.run(TestMethodWorker.java:109)
at org.testng.TestRunner.privateRun(TestRunner.java:648)
at org.testng.TestRunner.run(TestRunner.java:505)
at org.testng.SuiteRunner.runTest(SuiteRunner.java:455)
at org.testng.SuiteRunner.runSequentially(SuiteRunner.java:450)
at org.testng.SuiteRunner.privateRun(SuiteRunner.java:415)
at org.testng.SuiteRunner.run(SuiteRunner.java:364)
at org.testng.SuiteRunnerWorker.runSuite(SuiteRunnerWorker.java:52)
at org.testng.SuiteRunnerWorker.run(SuiteRunnerWorker.java:84)
at org.testng.TestNG.runSuitesSequentially(TestNG.java:1208)
at org.testng.TestNG.runSuitesLocally(TestNG.java:1137)
at org.testng.TestNG.runSuites(TestNG.java:1049)
at org.testng.TestNG.run(TestNG.java:1017)
at org.testng.remote.AbstractRemoteTestNG.run(AbstractRemoteTestNG.java:115)
at org.testng.remote.RemoteTestNG.initAndRun(RemoteTestNG.java:251)
at org.testng.remote.RemoteTestNG.main(RemoteTestNG.java:77)
]]>
    </failure>
  </testcase> <!-- test36 -->
  <testcase name="test25" time="0.0" classname="ODIN_REQUEST_PROCESSOR_APITEST.RequestProcessorTestMarius">
    <ignored/>
  </testcase> <!-- test25 -->
  <testcase name="test28" time="0.0" classname="ODIN_REQUEST_PROCESSOR_APITEST.RequestProcessorTestMarius">
    <ignored/>
  </testcase> <!-- test28 -->
  <testcase name="test29" time="0.0" classname="ODIN_REQUEST_PROCESSOR_APITEST.RequestProcessorTestMarius">
    <ignored/>
  </testcase> <!-- test29 -->
  <testcase name="test22" time="0.0" classname="ODIN_REQUEST_PROCESSOR_APITEST.RequestProcessorTestMarius">
    <ignored/>
  </testcase> <!-- test22 -->
  <testcase name="test20" time="0.0" classname="ODIN_REQUEST_PROCESSOR_APITEST.RequestProcessorTestMarius">
    <ignored/>
  </testcase> <!-- test20 -->
  <testcase name="test23" time="0.0" classname="ODIN_REQUEST_PROCESSOR_APITEST.RequestProcessorTestMarius">
    <ignored/>
  </testcase> <!-- test23 -->
  <testcase name="test26" time="0.0" classname="ODIN_REQUEST_PROCESSOR_APITEST.RequestProcessorTestMarius">
    <ignored/>
  </testcase> <!-- test26 -->
  <testcase name="test21" time="0.0" classname="ODIN_REQUEST_PROCESSOR_APITEST.RequestProcessorTestMarius">
    <ignored/>
  </testcase> <!-- test21 -->
  <testcase name="test24" time="0.0" classname="ODIN_REQUEST_PROCESSOR_APITEST.RequestProcessorTestMarius">
    <ignored/>
  </testcase> <!-- test24 -->
  <testcase name="test27" time="0.0" classname="ODIN_REQUEST_PROCESSOR_APITEST.RequestProcessorTestMarius">
    <ignored/>
  </testcase> <!-- test27 -->
  <testcase name="test7" time="0.0" classname="ODIN_REQUEST_PROCESSOR_APITEST.RequestProcessorTestMarius">
    <ignored/>
  </testcase> <!-- test7 -->
  <testcase name="test3" time="0.0" classname="ODIN_REQUEST_PROCESSOR_APITEST.RequestProcessorTestMarius">
    <ignored/>
  </testcase> <!-- test3 -->
  <testcase name="test8" time="0.0" classname="ODIN_REQUEST_PROCESSOR_APITEST.RequestProcessorTestMarius">
    <ignored/>
  </testcase> <!-- test8 -->
  <testcase name="test9" time="0.0" classname="ODIN_REQUEST_PROCESSOR_APITEST.RequestProcessorTestMarius">
    <ignored/>
  </testcase> <!-- test9 -->
  <testcase name="test6" time="0.0" classname="ODIN_REQUEST_PROCESSOR_APITEST.RequestProcessorTestMarius">
    <ignored/>
  </testcase> <!-- test6 -->
  <testcase name="test4" time="0.0" classname="ODIN_REQUEST_PROCESSOR_APITEST.RequestProcessorTestMarius">
    <ignored/>
  </testcase> <!-- test4 -->
  <testcase name="test5" time="0.0" classname="ODIN_REQUEST_PROCESSOR_APITEST.RequestProcessorTestMarius">
    <ignored/>
  </testcase> <!-- test5 -->
  <testcase name="test2" time="0.0" classname="ODIN_REQUEST_PROCESSOR_APITEST.RequestProcessorTestMarius">
    <ignored/>
  </testcase> <!-- test2 -->
  <testcase name="test19" time="0.0" classname="ODIN_REQUEST_PROCESSOR_APITEST.RequestProcessorTestMarius">
    <ignored/>
  </testcase> <!-- test19 -->
  <testcase name="test14" time="0.0" classname="ODIN_REQUEST_PROCESSOR_APITEST.RequestProcessorTestMarius">
    <ignored/>
  </testcase> <!-- test14 -->
  <testcase name="test1" time="0.0" classname="ODIN_REQUEST_PROCESSOR_APITEST.RequestProcessorTestMarius">
    <ignored/>
  </testcase> <!-- test1 -->
  <testcase name="test17" time="0.0" classname="ODIN_REQUEST_PROCESSOR_APITEST.RequestProcessorTestMarius">
    <ignored/>
  </testcase> <!-- test17 -->
  <testcase name="test18" time="0.0" classname="ODIN_REQUEST_PROCESSOR_APITEST.RequestProcessorTestMarius">
    <ignored/>
  </testcase> <!-- test18 -->
  <testcase name="test33" time="0.0" classname="ODIN_REQUEST_PROCESSOR_APITEST.RequestProcessorTestMarius">
    <ignored/>
  </testcase> <!-- test33 -->
  <testcase name="test11" time="0.0" classname="ODIN_REQUEST_PROCESSOR_APITEST.RequestProcessorTestMarius">
    <ignored/>
  </testcase> <!-- test11 -->
  <testcase name="test31" time="0.0" classname="ODIN_REQUEST_PROCESSOR_APITEST.RequestProcessorTestMarius">
    <ignored/>
  </testcase> <!-- test31 -->
  <testcase name="test12" time="0.0" classname="ODIN_REQUEST_PROCESSOR_APITEST.RequestProcessorTestMarius">
    <ignored/>
  </testcase> <!-- test12 -->
  <testcase name="test37" time="0.0" classname="ODIN_REQUEST_PROCESSOR_APITEST.RequestProcessorTestMarius">
    <ignored/>
  </testcase> <!-- test37 -->
  <testcase name="test15" time="0.0" classname="ODIN_REQUEST_PROCESSOR_APITEST.RequestProcessorTestMarius">
    <ignored/>
  </testcase> <!-- test15 -->
  <testcase name="test32" time="0.0" classname="ODIN_REQUEST_PROCESSOR_APITEST.RequestProcessorTestMarius">
    <ignored/>
  </testcase> <!-- test32 -->
  <testcase name="test10" time="0.0" classname="ODIN_REQUEST_PROCESSOR_APITEST.RequestProcessorTestMarius">
    <ignored/>
  </testcase> <!-- test10 -->
  <testcase name="test13" time="0.0" classname="ODIN_REQUEST_PROCESSOR_APITEST.RequestProcessorTestMarius">
    <ignored/>
  </testcase> <!-- test13 -->
  <testcase name="test16" time="0.0" classname="ODIN_REQUEST_PROCESSOR_APITEST.RequestProcessorTestMarius">
    <ignored/>
  </testcase> <!-- test16 -->
  <testcase name="test38" time="0.0" classname="ODIN_REQUEST_PROCESSOR_APITEST.RequestProcessorTestMarius">
    <ignored/>
  </testcase> <!-- test38 -->
  <testcase name="test30" time="0.0" classname="ODIN_REQUEST_PROCESSOR_APITEST.RequestProcessorTestMarius">
    <ignored/>
  </testcase> <!-- test30 -->
</testsuite> <!-- GRP-BG_MCC -->
